<?xml version="1.0" encoding="UTF-8"?>
<testsuite name="org.example.StudentBookTest" tests="4" skipped="0" failures="0" errors="0" timestamp="2024-01-28T12:25:33" hostname="DESKTOP-B4PNIJ0" time="0.123">
  <properties/>
  <testcase name="moneyBonusTest()" classname="org.example.StudentBookTest" time="0.058"/>
  <testcase name="averageMarkTest()" classname="org.example.StudentBookTest" time="0.027"/>
  <testcase name="noThreeTest()" classname="org.example.StudentBookTest" time="0.007"/>
  <testcase name="isRedDiplomaTest()" classname="org.example.StudentBookTest" time="0.021"/>
  <system-out><![CDATA[]]></system-out>
  <system-err><![CDATA[]]></system-err>
</testsuite>
