<?xml version="1.0" encoding="UTF-8"?>
<testsuite name="org.example.StudentBookTest" tests="4" skipped="0" failures="0" errors="0" timestamp="2024-01-28T11:41:41" hostname="DESKTOP-B4PNIJ0" time="0.125">
  <properties/>
  <testcase name="moneyBonusTest()" classname="org.example.StudentBookTest" time="0.09"/>
  <testcase name="averageMarkTest()" classname="org.example.StudentBookTest" time="0.016"/>
  <testcase name="noThreeTest()" classname="org.example.StudentBookTest" time="0.005"/>
  <testcase name="isRedDiplomaTest()" classname="org.example.StudentBookTest" time="0.01"/>
  <system-out><![CDATA[]]></system-out>
  <system-err><![CDATA[]]></system-err>
</testsuite>
